#
# There is insufficient memory for the Java Runtime Environment to continue.
# Native memory allocation (malloc) failed to allocate 635056 bytes for Chunk::new
# Possible reasons:
#   The system is out of physical RAM or swap space
#   The process is running with CompressedOops enabled, and the Java Heap may be blocking the growth of the native heap
# Possible solutions:
#   Reduce memory load on the system
#   Increase physical memory or swap space
#   Check if swap backing store is full
#   Decrease Java heap size (-Xmx/-Xms)
#   Decrease number of Java threads
#   Decrease Java thread stack sizes (-Xss)
#   Set larger code cache with -XX:ReservedCodeCacheSize=
#   JVM is running with Unscaled Compressed Oops mode in which the Java heap is
#     placed in the first 4GB address space. The Java Heap base address is the
#     maximum limit for the native heap growth. Please use -XX:HeapBaseMinAddress
#     to set the Java Heap base and to place the Java Heap above 4GB virtual address.
# This output file may be truncated or incomplete.
#
#  Out of Memory Error (./open/src/hotspot/share/memory/arena.cpp:197), pid=248, tid=8672
#
# JRE version: Java(TM) SE Runtime Environment 18.9 (11.0.14+8) (build 11.0.14+8-LTS-263)
# Java VM: Java HotSpot(TM) 64-Bit Server VM 18.9 (11.0.14+8-LTS-263, mixed mode, tiered, compressed oops, g1 gc, windows-amd64)
# No core dump will be written. Minidumps are not enabled by default on client versions of Windows
#

---------------  S U M M A R Y ------------

Command Line: -Dclassworlds.conf=C:\Program Files\NetBeans-13\netbeans\java\maven\bin\m2.conf -Dmaven.home=C:\Program Files\NetBeans-13\netbeans\java\maven -Dlibrary.jansi.path=C:\Program Files\NetBeans-13\netbeans\java\maven\lib\jansi-native -Dmaven.multiModuleProjectDirectory=C:\Users\n1n0c\OneDrive\Documents\NetBeansProjects\ariansyah_java_challange org.codehaus.plexus.classworlds.launcher.Launcher -Drun.jvmArguments=-noverify -XX:TieredStopAtLevel=1 -Drun.mainClass=ist.challenge.ariansyah.AriansyahApplication -Dexec.vmArgs= -Dexec.appArgs= -Dmaven.ext.class.path=C:\Program Files\NetBeans-13\netbeans\java\maven-nblib\netbeans-eventspy.jar -Dfile.encoding=UTF-8 spring-boot:run

Host: Intel(R) Core(TM) i3-1005G1 CPU @ 1.20GHz, 4 cores, 3G,  Windows 11 , 64 bit Build 22621 (10.0.22621.2506)
Time: Wed Nov 29 10:32:08 2023 SE Asia Standard Time elapsed time: 15.205735 seconds (0d 0h 0m 15s)

---------------  T H R E A D  ---------------

Current thread (0x000001ce743ff800):  JavaThread "C2 CompilerThread0" daemon [_thread_in_native, id=8672, stack(0x00000019e1800000,0x00000019e1900000)]


Current CompileTask:
C2:  15205 2533       4       org.apache.maven.model.Dependency::getManagementKey (94 bytes)

Stack: [0x00000019e1800000,0x00000019e1900000]
Native frames: (J=compiled Java code, j=interpreted, Vv=VM code, C=native code)
V  [jvm.dll+0x6296da]
V  [jvm.dll+0x76323f]
V  [jvm.dll+0x7648e9]
V  [jvm.dll+0x764f73]
V  [jvm.dll+0x23d7c8]
V  [jvm.dll+0xb297c]
V  [jvm.dll+0xb2f3c]
V  [jvm.dll+0x340e97]
V  [jvm.dll+0x30e803]
V  [jvm.dll+0x30db4a]
V  [jvm.dll+0x1f8365]
V  [jvm.dll+0x1f754d]
V  [jvm.dll+0x177b21]
V  [jvm.dll+0x206e26]
V  [jvm.dll+0x204fbb]
V  [jvm.dll+0x729170]
V  [jvm.dll+0x721d44]
V  [jvm.dll+0x6285d6]
C  [ucrtbase.dll+0x29363]
C  [KERNEL32.DLL+0x1257d]
C  [ntdll.dll+0x5aa58]


---------------  P R O C E S S  ---------------

Threads class SMR info:
_java_thread_list=0x000001ce746abc10, length=10, elements={
0x000001ce58d18000, 0x000001ce743e5000, 0x000001ce743ee800, 0x000001ce74450800,
0x000001ce74456000, 0x000001ce743fe800, 0x000001ce743ff800, 0x000001ce74404800,
0x000001ce74406000, 0x000001ce746c3800
}

Java Threads: ( => current thread )
  0x000001ce58d18000 JavaThread "main" [_thread_in_native, id=9036, stack(0x00000019e0c00000,0x00000019e0d00000)]
  0x000001ce743e5000 JavaThread "Reference Handler" daemon [_thread_blocked, id=11440, stack(0x00000019e1300000,0x00000019e1400000)]
  0x000001ce743ee800 JavaThread "Finalizer" daemon [_thread_blocked, id=8932, stack(0x00000019e1400000,0x00000019e1500000)]
  0x000001ce74450800 JavaThread "Signal Dispatcher" daemon [_thread_blocked, id=13236, stack(0x00000019e1500000,0x00000019e1600000)]
  0x000001ce74456000 JavaThread "Attach Listener" daemon [_thread_blocked, id=4024, stack(0x00000019e1600000,0x00000019e1700000)]
  0x000001ce743fe800 JavaThread "Service Thread" daemon [_thread_blocked, id=6592, stack(0x00000019e1700000,0x00000019e1800000)]
=>0x000001ce743ff800 JavaThread "C2 CompilerThread0" daemon [_thread_in_native, id=8672, stack(0x00000019e1800000,0x00000019e1900000)]
  0x000001ce74404800 JavaThread "C1 CompilerThread0" daemon [_thread_blocked, id=16976, stack(0x00000019e1900000,0x00000019e1a00000)]
  0x000001ce74406000 JavaThread "Sweeper thread" daemon [_thread_blocked, id=5940, stack(0x00000019e1a00000,0x00000019e1b00000)]
  0x000001ce746c3800 JavaThread "Common-Cleaner" daemon [_thread_blocked, id=2700, stack(0x00000019e1c00000,0x00000019e1d00000)]

Other Threads:
  0x000001ce743a9000 VMThread "VM Thread" [stack: 0x00000019e1200000,0x00000019e1300000] [id=20312]
  0x000001ce746c3000 WatcherThread [stack: 0x00000019e1b00000,0x00000019e1c00000] [id=12112]
  0x000001ce58d2e000 GCTaskThread "GC Thread#0" [stack: 0x00000019e0d00000,0x00000019e0e00000] [id=19432]
  0x000001ce74fa8000 GCTaskThread "GC Thread#1" [stack: 0x00000019e1d00000,0x00000019e1e00000] [id=4356]
  0x000001ce58d48000 ConcurrentGCThread "G1 Main Marker" [stack: 0x00000019e0e00000,0x00000019e0f00000] [id=15728]
  0x000001ce58d4b800 ConcurrentGCThread "G1 Conc#0" [stack: 0x00000019e0f00000,0x00000019e1000000] [id=8804]
  0x000001ce58d93000 ConcurrentGCThread "G1 Refine#0" [stack: 0x00000019e1000000,0x00000019e1100000] [id=5484]
  0x000001ce58d94000 ConcurrentGCThread "G1 Young RemSet Sampling" [stack: 0x00000019e1100000,0x00000019e1200000] [id=9412]

Threads with active compile tasks:
C2 CompilerThread0  15258 2533       4       org.apache.maven.model.Dependency::getManagementKey (94 bytes)

VM state:not at safepoint (normal execution)

VM Mutex/Monitor currently owned by a thread: None

Heap address: 0x00000000c4000000, size: 960 MB, Compressed Oops mode: 32-bit
Narrow klass base: 0x0000000000000000, Narrow klass shift: 3
Compressed class space size: 1073741824 Address: 0x0000000100000000

Heap:
 garbage-first heap   total 61440K, used 15859K [0x00000000c4000000, 0x0000000100000000)
  region size 1024K, 13 young (13312K), 4 survivors (4096K)
 Metaspace       used 19956K, capacity 20350K, committed 20480K, reserved 1067008K
  class space    used 2126K, capacity 2253K, committed 2304K, reserved 1048576K
Heap Regions: E=young(eden), S=young(survivor), O=old, HS=humongous(starts), HC=humongous(continues), CS=collection set, F=free, A=archive, TAMS=top-at-mark-start (previous, next)
|   0|0x00000000c4000000, 0x00000000c4100000, 0x00000000c4100000|100%| O|  |TAMS 0x00000000c4000000, 0x00000000c4000000| Untracked 
|   1|0x00000000c4100000, 0x00000000c4200000, 0x00000000c4200000|100%| O|  |TAMS 0x00000000c4100000, 0x00000000c4100000| Untracked 
|   2|0x00000000c4200000, 0x00000000c4300000, 0x00000000c4300000|100%| O|  |TAMS 0x00000000c4200000, 0x00000000c4200000| Untracked 
|   3|0x00000000c4300000, 0x00000000c437ce00, 0x00000000c4400000| 48%| O|  |TAMS 0x00000000c4300000, 0x00000000c4300000| Untracked 
|   4|0x00000000c4400000, 0x00000000c4400000, 0x00000000c4500000|  0%| F|  |TAMS 0x00000000c4400000, 0x00000000c4400000| Untracked 
|   5|0x00000000c4500000, 0x00000000c4500000, 0x00000000c4600000|  0%| F|  |TAMS 0x00000000c4500000, 0x00000000c4500000| Untracked 
|   6|0x00000000c4600000, 0x00000000c4600000, 0x00000000c4700000|  0%| F|  |TAMS 0x00000000c4600000, 0x00000000c4600000| Untracked 
|   7|0x00000000c4700000, 0x00000000c4700000, 0x00000000c4800000|  0%| F|  |TAMS 0x00000000c4700000, 0x00000000c4700000| Untracked 
|   8|0x00000000c4800000, 0x00000000c4800000, 0x00000000c4900000|  0%| F|  |TAMS 0x00000000c4800000, 0x00000000c4800000| Untracked 
|   9|0x00000000c4900000, 0x00000000c4900000, 0x00000000c4a00000|  0%| F|  |TAMS 0x00000000c4900000, 0x00000000c4900000| Untracked 
|  10|0x00000000c4a00000, 0x00000000c4a00000, 0x00000000c4b00000|  0%| F|  |TAMS 0x00000000c4a00000, 0x00000000c4a00000| Untracked 
|  11|0x00000000c4b00000, 0x00000000c4b00000, 0x00000000c4c00000|  0%| F|  |TAMS 0x00000000c4b00000, 0x00000000c4b00000| Untracked 
|  12|0x00000000c4c00000, 0x00000000c4c00000, 0x00000000c4d00000|  0%| F|  |TAMS 0x00000000c4c00000, 0x00000000c4c00000| Untracked 
|  13|0x00000000c4d00000, 0x00000000c4d00000, 0x00000000c4e00000|  0%| F|  |TAMS 0x00000000c4d00000, 0x00000000c4d00000| Untracked 
|  14|0x00000000c4e00000, 0x00000000c4e00000, 0x00000000c4f00000|  0%| F|  |TAMS 0x00000000c4e00000, 0x00000000c4e00000| Untracked 
|  15|0x00000000c4f00000, 0x00000000c4f00000, 0x00000000c5000000|  0%| F|  |TAMS 0x00000000c4f00000, 0x00000000c4f00000| Untracked 
|  16|0x00000000c5000000, 0x00000000c5000000, 0x00000000c5100000|  0%| F|  |TAMS 0x00000000c5000000, 0x00000000c5000000| Untracked 
|  17|0x00000000c5100000, 0x00000000c5100000, 0x00000000c5200000|  0%| F|  |TAMS 0x00000000c5100000, 0x00000000c5100000| Untracked 
|  18|0x00000000c5200000, 0x00000000c5200000, 0x00000000c5300000|  0%| F|  |TAMS 0x00000000c5200000, 0x00000000c5200000| Untracked 
|  19|0x00000000c5300000, 0x00000000c5300000, 0x00000000c5400000|  0%| F|  |TAMS 0x00000000c5300000, 0x00000000c5300000| Untracked 
|  20|0x00000000c5400000, 0x00000000c5400000, 0x00000000c5500000|  0%| F|  |TAMS 0x00000000c5400000, 0x00000000c5400000| Untracked 
|  21|0x00000000c5500000, 0x00000000c5500000, 0x00000000c5600000|  0%| F|  |TAMS 0x00000000c5500000, 0x00000000c5500000| Untracked 
|  22|0x00000000c5600000, 0x00000000c5600000, 0x00000000c5700000|  0%| F|  |TAMS 0x00000000c5600000, 0x00000000c5600000| Untracked 
|  23|0x00000000c5700000, 0x00000000c5700000, 0x00000000c5800000|  0%| F|  |TAMS 0x00000000c5700000, 0x00000000c5700000| Untracked 
|  24|0x00000000c5800000, 0x00000000c5800000, 0x00000000c5900000|  0%| F|  |TAMS 0x00000000c5800000, 0x00000000c5800000| Untracked 
|  25|0x00000000c5900000, 0x00000000c5900000, 0x00000000c5a00000|  0%| F|  |TAMS 0x00000000c5900000, 0x00000000c5900000| Untracked 
|  26|0x00000000c5a00000, 0x00000000c5b00000, 0x00000000c5b00000|100%| S|CS|TAMS 0x00000000c5a00000, 0x00000000c5a00000| Complete 
|  27|0x00000000c5b00000, 0x00000000c5c00000, 0x00000000c5c00000|100%| S|CS|TAMS 0x00000000c5b00000, 0x00000000c5b00000| Complete 
|  28|0x00000000c5c00000, 0x00000000c5d00000, 0x00000000c5d00000|100%| S|CS|TAMS 0x00000000c5c00000, 0x00000000c5c00000| Complete 
|  29|0x00000000c5d00000, 0x00000000c5e00000, 0x00000000c5e00000|100%| S|CS|TAMS 0x00000000c5d00000, 0x00000000c5d00000| Complete 
|  30|0x00000000c5e00000, 0x00000000c5e00000, 0x00000000c5f00000|  0%| F|  |TAMS 0x00000000c5e00000, 0x00000000c5e00000| Untracked 
|  31|0x00000000c5f00000, 0x00000000c5f00000, 0x00000000c6000000|  0%| F|  |TAMS 0x00000000c5f00000, 0x00000000c5f00000| Untracked 
|  32|0x00000000c6000000, 0x00000000c6000000, 0x00000000c6100000|  0%| F|  |TAMS 0x00000000c6000000, 0x00000000c6000000| Untracked 
|  33|0x00000000c6100000, 0x00000000c6100000, 0x00000000c6200000|  0%| F|  |TAMS 0x00000000c6100000, 0x00000000c6100000| Untracked 
|  34|0x00000000c6200000, 0x00000000c6200000, 0x00000000c6300000|  0%| F|  |TAMS 0x00000000c6200000, 0x00000000c6200000| Untracked 
|  35|0x00000000c6300000, 0x00000000c6300000, 0x00000000c6400000|  0%| F|  |TAMS 0x00000000c6300000, 0x00000000c6300000| Untracked 
|  36|0x00000000c6400000, 0x00000000c6400000, 0x00000000c6500000|  0%| F|  |TAMS 0x00000000c6400000, 0x00000000c6400000| Untracked 
|  37|0x00000000c6500000, 0x00000000c6500000, 0x00000000c6600000|  0%| F|  |TAMS 0x00000000c6500000, 0x00000000c6500000| Untracked 
|  38|0x00000000c6600000, 0x00000000c6600000, 0x00000000c6700000|  0%| F|  |TAMS 0x00000000c6600000, 0x00000000c6600000| Untracked 
|  39|0x00000000c6700000, 0x00000000c6700000, 0x00000000c6800000|  0%| F|  |TAMS 0x00000000c6700000, 0x00000000c6700000| Untracked 
|  40|0x00000000c6800000, 0x00000000c6800000, 0x00000000c6900000|  0%| F|  |TAMS 0x00000000c6800000, 0x00000000c6800000| Untracked 
|  41|0x00000000c6900000, 0x00000000c6900000, 0x00000000c6a00000|  0%| F|  |TAMS 0x00000000c6900000, 0x00000000c6900000| Untracked 
|  42|0x00000000c6a00000, 0x00000000c6a00000, 0x00000000c6b00000|  0%| F|  |TAMS 0x00000000c6a00000, 0x00000000c6a00000| Untracked 
|  43|0x00000000c6b00000, 0x00000000c6b00000, 0x00000000c6c00000|  0%| F|  |TAMS 0x00000000c6b00000, 0x00000000c6b00000| Untracked 
|  44|0x00000000c6c00000, 0x00000000c6c00000, 0x00000000c6d00000|  0%| F|  |TAMS 0x00000000c6c00000, 0x00000000c6c00000| Untracked 
|  45|0x00000000c6d00000, 0x00000000c6d00000, 0x00000000c6e00000|  0%| F|  |TAMS 0x00000000c6d00000, 0x00000000c6d00000| Untracked 
|  46|0x00000000c6e00000, 0x00000000c6e00000, 0x00000000c6f00000|  0%| F|  |TAMS 0x00000000c6e00000, 0x00000000c6e00000| Untracked 
|  47|0x00000000c6f00000, 0x00000000c6f00000, 0x00000000c7000000|  0%| F|  |TAMS 0x00000000c6f00000, 0x00000000c6f00000| Untracked 
|  48|0x00000000c7000000, 0x00000000c7000000, 0x00000000c7100000|  0%| F|  |TAMS 0x00000000c7000000, 0x00000000c7000000| Untracked 
|  49|0x00000000c7100000, 0x00000000c7100000, 0x00000000c7200000|  0%| F|  |TAMS 0x00000000c7100000, 0x00000000c7100000| Untracked 
|  50|0x00000000c7200000, 0x00000000c7200000, 0x00000000c7300000|  0%| F|  |TAMS 0x00000000c7200000, 0x00000000c7200000| Untracked 
|  51|0x00000000c7300000, 0x00000000c7382010, 0x00000000c7400000| 50%| E|  |TAMS 0x00000000c7300000, 0x00000000c7300000| Complete 
|  52|0x00000000c7400000, 0x00000000c7500000, 0x00000000c7500000|100%| E|CS|TAMS 0x00000000c7400000, 0x00000000c7400000| Complete 
|  53|0x00000000c7500000, 0x00000000c7600000, 0x00000000c7600000|100%| E|CS|TAMS 0x00000000c7500000, 0x00000000c7500000| Complete 
|  54|0x00000000c7600000, 0x00000000c7700000, 0x00000000c7700000|100%| E|CS|TAMS 0x00000000c7600000, 0x00000000c7600000| Complete 
|  55|0x00000000c7700000, 0x00000000c7800000, 0x00000000c7800000|100%| E|CS|TAMS 0x00000000c7700000, 0x00000000c7700000| Complete 
|  56|0x00000000c7800000, 0x00000000c7900000, 0x00000000c7900000|100%| E|CS|TAMS 0x00000000c7800000, 0x00000000c7800000| Complete 
|  57|0x00000000c7900000, 0x00000000c7a00000, 0x00000000c7a00000|100%| E|CS|TAMS 0x00000000c7900000, 0x00000000c7900000| Complete 
|  58|0x00000000c7a00000, 0x00000000c7b00000, 0x00000000c7b00000|100%| E|CS|TAMS 0x00000000c7a00000, 0x00000000c7a00000| Complete 
|  59|0x00000000c7b00000, 0x00000000c7c00000, 0x00000000c7c00000|100%| E|CS|TAMS 0x00000000c7b00000, 0x00000000c7b00000| Complete 

Card table byte_map: [0x000001ce6f570000,0x000001ce6f750000] _byte_map_base: 0x000001ce6ef50000

Marking Bits (Prev, Next): (CMBitMap*) 0x000001ce58d43ac8, (CMBitMap*) 0x000001ce58d43b00
 Prev Bits: [0x000001ce6f930000, 0x000001ce70830000)
 Next Bits: [0x000001ce70830000, 0x000001ce71730000)

Polling page: 0x000001ce584f0000

Metaspace:

Usage:
  Non-class:     17.67 MB capacity,    17.41 MB ( 99%) used,   244.31 KB (  1%) free+waste,    22.38 KB ( <1%) overhead. 
      Class:      2.20 MB capacity,     2.08 MB ( 94%) used,   117.63 KB (  5%) free+waste,     9.06 KB ( <1%) overhead. 
       Both:     19.87 MB capacity,    19.49 MB ( 98%) used,   361.95 KB (  2%) free+waste,    31.44 KB ( <1%) overhead. 

Virtual space:
  Non-class space:       18.00 MB reserved,      17.75 MB ( 99%) committed 
      Class space:        1.00 GB reserved,       2.25 MB ( <1%) committed 
             Both:        1.02 GB reserved,      20.00 MB (  2%) committed 

Chunk freelists:
   Non-Class:  1.88 KB
       Class:  2.38 KB
        Both:  4.25 KB

CodeHeap 'non-profiled nmethods': size=120064Kb used=1074Kb max_used=1074Kb free=118989Kb
 bounds [0x000001ce67e50000, 0x000001ce680c0000, 0x000001ce6f390000]
CodeHeap 'profiled nmethods': size=120000Kb used=5318Kb max_used=5318Kb free=114681Kb
 bounds [0x000001ce60920000, 0x000001ce60e60000, 0x000001ce67e50000]
CodeHeap 'non-nmethods': size=5696Kb used=1113Kb max_used=1146Kb free=4582Kb
 bounds [0x000001ce60390000, 0x000001ce60600000, 0x000001ce60920000]
 total_blobs=2977 nmethods=2565 adapters=323
 compilation: enabled
              stopped_count=0, restarted_count=0
 full_count=0

Compilation events (10 events):
Event: 15.196 Thread 0x000001ce74404800 2555       1       org.apache.maven.model.building.DefaultModelProblemCollector::setRootModel (6 bytes)
Event: 15.196 Thread 0x000001ce74404800 nmethod 2555 0x000001ce67f5c290 code [0x000001ce67f5c420, 0x000001ce67f5c518]
Event: 15.197 Thread 0x000001ce74404800 2556   !   3       org.apache.maven.model.DependencyManagement::clone (137 bytes)
Event: 15.199 Thread 0x000001ce74404800 nmethod 2556 0x000001ce60e43090 code [0x000001ce60e43400, 0x000001ce60e449c8]
Event: 15.199 Thread 0x000001ce74404800 2558   !   3       java.util.ArrayList$Itr::remove (68 bytes)
Event: 15.199 Thread 0x000001ce74404800 nmethod 2558 0x000001ce60e45310 code [0x000001ce60e45540, 0x000001ce60e45ce8]
Event: 15.199 Thread 0x000001ce74404800 2557       1       org.apache.maven.model.building.ModelCacheTag$2::getName (3 bytes)
Event: 15.199 Thread 0x000001ce74404800 nmethod 2557 0x000001ce67f5c590 code [0x000001ce67f5c720, 0x000001ce67f5c7d8]
Event: 15.200 Thread 0x000001ce74404800 2560       1       org.apache.maven.model.building.DefaultModelBuildingResult::getProblems (5 bytes)
Event: 15.200 Thread 0x000001ce74404800 nmethod 2560 0x000001ce67f5c890 code [0x000001ce67f5ca20, 0x000001ce67f5cad8]

GC Heap History (8 events):
Event: 2.720 GC heap before
{Heap before GC invocations=0 (full 0):
 garbage-first heap   total 61440K, used 14336K [0x00000000c4000000, 0x0000000100000000)
  region size 1024K, 14 young (14336K), 0 survivors (0K)
 Metaspace       used 10932K, capacity 11112K, committed 11136K, reserved 1058816K
  class space    used 1050K, capacity 1152K, committed 1152K, reserved 1048576K
}
Event: 2.758 GC heap after
{Heap after GC invocations=1 (full 0):
 garbage-first heap   total 61440K, used 3111K [0x00000000c4000000, 0x0000000100000000)
  region size 1024K, 2 young (2048K), 2 survivors (2048K)
 Metaspace       used 10932K, capacity 11112K, committed 11136K, reserved 1058816K
  class space    used 1050K, capacity 1152K, committed 1152K, reserved 1048576K
}
Event: 5.193 GC heap before
{Heap before GC invocations=1 (full 0):
 garbage-first heap   total 61440K, used 14375K [0x00000000c4000000, 0x0000000100000000)
  region size 1024K, 13 young (13312K), 2 survivors (2048K)
 Metaspace       used 12378K, capacity 12532K, committed 12672K, reserved 1060864K
  class space    used 1256K, capacity 1348K, committed 1408K, reserved 1048576K
}
Event: 5.198 GC heap after
{Heap after GC invocations=2 (full 0):
 garbage-first heap   total 61440K, used 3721K [0x00000000c4000000, 0x0000000100000000)
  region size 1024K, 1 young (1024K), 1 survivors (1024K)
 Metaspace       used 12378K, capacity 12532K, committed 12672K, reserved 1060864K
  class space    used 1256K, capacity 1348K, committed 1408K, reserved 1048576K
}
Event: 8.483 GC heap before
{Heap before GC invocations=2 (full 0):
 garbage-first heap   total 61440K, used 28297K [0x00000000c4000000, 0x0000000100000000)
  region size 1024K, 25 young (25600K), 1 survivors (1024K)
 Metaspace       used 15649K, capacity 15908K, committed 16128K, reserved 1062912K
  class space    used 1656K, capacity 1745K, committed 1792K, reserved 1048576K
}
Event: 8.490 GC heap after
{Heap after GC invocations=3 (full 0):
 garbage-first heap   total 61440K, used 4697K [0x00000000c4000000, 0x0000000100000000)
  region size 1024K, 2 young (2048K), 2 survivors (2048K)
 Metaspace       used 15649K, capacity 15908K, committed 16128K, reserved 1062912K
  class space    used 1656K, capacity 1745K, committed 1792K, reserved 1048576K
}
Event: 14.300 GC heap before
{Heap before GC invocations=3 (full 0):
 garbage-first heap   total 61440K, used 33369K [0x00000000c4000000, 0x0000000100000000)
  region size 1024K, 30 young (30720K), 2 survivors (2048K)
 Metaspace       used 19782K, capacity 20123K, committed 20224K, reserved 1067008K
  class space    used 2117K, capacity 2219K, committed 2304K, reserved 1048576K
}
Event: 14.314 GC heap after
{Heap after GC invocations=4 (full 0):
 garbage-first heap   total 61440K, used 7667K [0x00000000c4000000, 0x0000000100000000)
  region size 1024K, 4 young (4096K), 4 survivors (4096K)
 Metaspace       used 19782K, capacity 20123K, committed 20224K, reserved 1067008K
  class space    used 2117K, capacity 2219K, committed 2304K, reserved 1048576K
}

Deoptimization events (10 events):
Event: 12.724 Thread 0x000001ce58d18000 Uncommon trap: reason=unstable_if action=reinterpret pc=0x000001ce67f295b4 method=java.lang.String.trim()Ljava/lang/String; @ 4 c2
Event: 12.732 Thread 0x000001ce58d18000 Uncommon trap: reason=unstable_if action=reinterpret pc=0x000001ce67f2fc90 method=java.lang.String.indexOf(Ljava/lang/String;)I @ 8 c2
Event: 13.066 Thread 0x000001ce58d18000 Uncommon trap: reason=unstable_if action=reinterpret pc=0x000001ce67f28c30 method=java.lang.StringLatin1.trim([B)Ljava/lang/String; @ 60 c2
Event: 13.439 Thread 0x000001ce58d18000 Uncommon trap: reason=bimorphic_or_optimized_type_check action=maybe_recompile pc=0x000001ce67f0ab9c method=java.util.HashMap.putVal(ILjava/lang/Object;Ljava/lang/Object;ZZ)Ljava/lang/Object; @ 203 c2
Event: 13.443 Thread 0x000001ce58d18000 Uncommon trap: reason=unstable_if action=reinterpret pc=0x000001ce67f1f48c method=java.lang.String.indexOf([BBILjava/lang/String;I)I @ 54 c2
Event: 14.087 Thread 0x000001ce58d18000 Uncommon trap: reason=unstable_if action=reinterpret pc=0x000001ce67f1d79c method=java.lang.String.indexOf(II)I @ 4 c2
Event: 14.087 Thread 0x000001ce58d18000 Uncommon trap: reason=unstable_if action=reinterpret pc=0x000001ce67e773f8 method=java.lang.String.substring(II)Ljava/lang/String; @ 31 c2
Event: 14.805 Thread 0x000001ce58d18000 Uncommon trap: reason=unstable_if action=reinterpret pc=0x000001ce67e67838 method=java.lang.String.indexOf(II)I @ 4 c2
Event: 14.861 Thread 0x000001ce58d18000 Uncommon trap: reason=unstable_if action=reinterpret pc=0x000001ce67f350c4 method=org.codehaus.plexus.util.xml.pull.MXParser.nextImpl()I @ 972 c2
Event: 15.177 Thread 0x000001ce58d18000 Uncommon trap: reason=unstable_if action=reinterpret pc=0x000001ce67f3ee88 method=org.apache.maven.model.validation.DefaultModelValidator.isValidIdCharacter(C)Z @ 51 c2

Classes redefined (0 events):
No events

Internal exceptions (10 events):
Event: 0.470 Thread 0x000001ce58d18000 Exception <a 'java/lang/NullPointerException'{0x00000000c7712360}> (0x00000000c7712360) thrown at [./open/src/hotspot/share/interpreter/linkResolver.cpp, line 1354]
Event: 0.470 Thread 0x000001ce58d18000 Exception <a 'java/lang/NullPointerException'{0x00000000c7712630}> (0x00000000c7712630) thrown at [./open/src/hotspot/share/interpreter/linkResolver.cpp, line 1354]
Event: 0.470 Thread 0x000001ce58d18000 Exception <a 'java/lang/NullPointerException'{0x00000000c7712900}> (0x00000000c7712900) thrown at [./open/src/hotspot/share/interpreter/linkResolver.cpp, line 1354]
Event: 4.112 Thread 0x000001ce58d18000 Exception <a 'java/lang/NoClassDefFoundError'{0x00000000c787c330}: javax/enterprise/inject/Typed> (0x00000000c787c330) thrown at [./open/src/hotspot/share/classfile/systemDictionary.cpp, line 215]
Event: 9.698 Thread 0x000001ce58d18000 Exception <a 'java/lang/NoClassDefFoundError'{0x00000000c72cc038}: com/google/inject/servlet/ServletModuleTargetVisitor> (0x00000000c72cc038) thrown at [./open/src/hotspot/share/classfile/systemDictionary.cpp, line 215]
Event: 9.698 Thread 0x000001ce58d18000 Exception <a 'java/lang/NoClassDefFoundError'{0x00000000c72cc038}> (0x00000000c72cc038) thrown at [./open/src/hotspot/share/prims/jvm.cpp, line 1309]
Event: 9.994 Thread 0x000001ce58d18000 Exception <a 'java/lang/NoSuchMethodError'{0x00000000c6f17770}: java.lang.invoke.DirectMethodHandle$Holder.invokeStaticInit(Ljava/lang/Object;IIII)Ljava/lang/Object;> (0x00000000c6f17770) thrown at [./open/src/hotspot/share/interpreter/linkResolver.cpp, l
Event: 10.727 Thread 0x000001ce58d18000 Implicit null exception at 0x000001ce67ef9c4c to 0x000001ce67efcd04
Event: 11.007 Thread 0x000001ce58d18000 Implicit null exception at 0x000001ce67e77df4 to 0x000001ce67e78300
Event: 11.007 Thread 0x000001ce58d18000 Implicit null exception at 0x000001ce67e788f4 to 0x000001ce67e78de0

Events (10 events):
Event: 14.861 Thread 0x000001ce58d18000 Uncommon trap: trap_request=0xffffff4d fr.pc=0x000001ce67f350c4 relative=0x0000000000000d84
Event: 14.861 Thread 0x000001ce58d18000 DEOPT PACKING pc=0x000001ce67f350c4 sp=0x00000019e0cfd830
Event: 14.861 Thread 0x000001ce58d18000 DEOPT UNPACKING pc=0x000001ce603983af sp=0x00000019e0cfd7b0 mode 2
Event: 15.177 Thread 0x000001ce58d18000 Uncommon trap: trap_request=0xffffff4d fr.pc=0x000001ce67f3ee88 relative=0x0000000000000088
Event: 15.177 Thread 0x000001ce58d18000 DEOPT PACKING pc=0x000001ce67f3ee88 sp=0x00000019e0cfd950
Event: 15.177 Thread 0x000001ce58d18000 DEOPT UNPACKING pc=0x000001ce603983af sp=0x00000019e0cfd8d8 mode 2
Event: 15.184 loading class org/apache/maven/lifecycle/mapping/DefaultLifecycleMapping
Event: 15.184 loading class org/apache/maven/lifecycle/mapping/DefaultLifecycleMapping done
Event: 15.201 loading class org/apache/maven/project/DefaultProjectBuildingResult
Event: 15.201 loading class org/apache/maven/project/DefaultProjectBuildingResult done


Dynamic libraries:
0x00007ff7cef70000 - 0x00007ff7cef7f000 	C:\Program Files\Java\jdk-11.0.14\bin\java.exe
0x00007ffd87e90000 - 0x00007ffd880a7000 	C:\WINDOWS\SYSTEM32\ntdll.dll
0x00007ffd865d0000 - 0x00007ffd86694000 	C:\WINDOWS\System32\KERNEL32.DLL
0x00007ffd85410000 - 0x00007ffd857b5000 	C:\WINDOWS\System32\KERNELBASE.dll
0x00007ffd85200000 - 0x00007ffd85311000 	C:\WINDOWS\System32\ucrtbase.dll
0x00007ffd800d0000 - 0x00007ffd800e5000 	C:\Program Files\Java\jdk-11.0.14\bin\VCRUNTIME140.dll
0x00007ffd51250000 - 0x00007ffd51268000 	C:\Program Files\Java\jdk-11.0.14\bin\jli.dll
0x00007ffd866a0000 - 0x00007ffd86751000 	C:\WINDOWS\System32\ADVAPI32.dll
0x00007ffd860f0000 - 0x00007ffd86197000 	C:\WINDOWS\System32\msvcrt.dll
0x00007ffd85d50000 - 0x00007ffd85df6000 	C:\WINDOWS\System32\sechost.dll
0x00007ffd873b0000 - 0x00007ffd874c7000 	C:\WINDOWS\System32\RPCRT4.dll
0x00007ffd87670000 - 0x00007ffd8781e000 	C:\WINDOWS\System32\USER32.dll
0x00007ffd85320000 - 0x00007ffd85346000 	C:\WINDOWS\System32\win32u.dll
0x00007ffd87cc0000 - 0x00007ffd87ce9000 	C:\WINDOWS\System32\GDI32.dll
0x00007ffd85860000 - 0x00007ffd85979000 	C:\WINDOWS\System32\gdi32full.dll
0x00007ffd857c0000 - 0x00007ffd8585a000 	C:\WINDOWS\System32\msvcp_win.dll
0x00007ffd70c50000 - 0x00007ffd70ee3000 	C:\WINDOWS\WinSxS\amd64_microsoft.windows.common-controls_6595b64144ccf1df_6.0.22621.2506_none_270c5ae97388e100\COMCTL32.dll
0x00007ffd7b9b0000 - 0x00007ffd7b9ba000 	C:\WINDOWS\SYSTEM32\VERSION.dll
0x00007ffd86930000 - 0x00007ffd86961000 	C:\WINDOWS\System32\IMM32.DLL
0x00007ffd5a3f0000 - 0x00007ffd5a48b000 	C:\Program Files\Java\jdk-11.0.14\bin\msvcp140.dll
0x00007ffcfdde0000 - 0x00007ffcfe8f6000 	C:\Program Files\Java\jdk-11.0.14\bin\server\jvm.dll
0x00007ffd86920000 - 0x00007ffd86928000 	C:\WINDOWS\System32\PSAPI.DLL
0x00007ffd6cfc0000 - 0x00007ffd6cfc9000 	C:\WINDOWS\SYSTEM32\WSOCK32.dll
0x00007ffd86070000 - 0x00007ffd860e1000 	C:\WINDOWS\System32\WS2_32.dll
0x00007ffd7be30000 - 0x00007ffd7be64000 	C:\WINDOWS\SYSTEM32\WINMM.dll
0x00007ffd841a0000 - 0x00007ffd841b8000 	C:\WINDOWS\SYSTEM32\kernel.appcore.dll
0x00007ffd80710000 - 0x00007ffd80720000 	C:\Program Files\Java\jdk-11.0.14\bin\verify.dll
0x00007ffd82a70000 - 0x00007ffd82ca3000 	C:\WINDOWS\SYSTEM32\DBGHELP.DLL
0x00007ffd861a0000 - 0x00007ffd86529000 	C:\WINDOWS\System32\combase.dll
0x00007ffd86970000 - 0x00007ffd86a47000 	C:\WINDOWS\System32\OLEAUT32.dll
0x00007ffd70bd0000 - 0x00007ffd70c02000 	C:\WINDOWS\SYSTEM32\dbgcore.DLL
0x00007ffd859f0000 - 0x00007ffd85a6a000 	C:\WINDOWS\System32\bcryptPrimitives.dll
0x00007ffd70630000 - 0x00007ffd70658000 	C:\Program Files\Java\jdk-11.0.14\bin\java.dll
0x00007ffd7c790000 - 0x00007ffd7c79a000 	C:\Program Files\Java\jdk-11.0.14\bin\jimage.dll
0x00007ffd7bf60000 - 0x00007ffd7bf76000 	C:\Program Files\Java\jdk-11.0.14\bin\zip.dll
0x00007ffd86a70000 - 0x00007ffd872c9000 	C:\WINDOWS\System32\SHELL32.dll
0x00007ffd83120000 - 0x00007ffd83a14000 	C:\WINDOWS\SYSTEM32\windows.storage.dll
0x00007ffd82fe0000 - 0x00007ffd8311e000 	C:\WINDOWS\SYSTEM32\wintypes.dll
0x00007ffd87d50000 - 0x00007ffd87e43000 	C:\WINDOWS\System32\SHCORE.dll
0x00007ffd87cf0000 - 0x00007ffd87d4e000 	C:\WINDOWS\System32\shlwapi.dll
0x00007ffd85130000 - 0x00007ffd85156000 	C:\WINDOWS\SYSTEM32\profapi.dll
0x00007ffd756b0000 - 0x00007ffd756c9000 	C:\Program Files\Java\jdk-11.0.14\bin\net.dll
0x00007ffd7b570000 - 0x00007ffd7b6a7000 	C:\WINDOWS\SYSTEM32\WINHTTP.dll
0x00007ffd84680000 - 0x00007ffd846e9000 	C:\WINDOWS\system32\mswsock.dll
0x00007ffd70720000 - 0x00007ffd70732000 	C:\Program Files\Java\jdk-11.0.14\bin\nio.dll
0x0000000069ac0000 - 0x0000000069ae4000 	C:\Program Files\NetBeans-13\netbeans\java\maven\lib\jansi-native\Windows\x86_64\jansi.dll

dbghelp: loaded successfully - version: 4.0.5 - missing functions: none
symbol engine: initialized successfully - sym options: 0x614 - pdb path: .;C:\Program Files\Java\jdk-11.0.14\bin;C:\WINDOWS\SYSTEM32;C:\WINDOWS\WinSxS\amd64_microsoft.windows.common-controls_6595b64144ccf1df_6.0.22621.2506_none_270c5ae97388e100;C:\Program Files\Java\jdk-11.0.14\bin\server;C:\Program Files\NetBeans-13\netbeans\java\maven\lib\jansi-native\Windows\x86_64

VM Arguments:
jvm_args: -Dclassworlds.conf=C:\Program Files\NetBeans-13\netbeans\java\maven\bin\m2.conf -Dmaven.home=C:\Program Files\NetBeans-13\netbeans\java\maven -Dlibrary.jansi.path=C:\Program Files\NetBeans-13\netbeans\java\maven\lib\jansi-native -Dmaven.multiModuleProjectDirectory=C:\Users\n1n0c\OneDrive\Documents\NetBeansProjects\ariansyah_java_challange 
java_command: org.codehaus.plexus.classworlds.launcher.Launcher -Drun.jvmArguments=-noverify -XX:TieredStopAtLevel=1 -Drun.mainClass=ist.challenge.ariansyah.AriansyahApplication -Dexec.vmArgs= -Dexec.appArgs= -Dmaven.ext.class.path=C:\Program Files\NetBeans-13\netbeans\java\maven-nblib\netbeans-eventspy.jar -Dfile.encoding=UTF-8 spring-boot:run
java_class_path (initial): C:\Program Files\NetBeans-13\netbeans\java\maven\boot\plexus-classworlds-2.6.0.jar
Launcher Type: SUN_STANDARD

[Global flags]
     intx CICompilerCount                          = 3                                         {product} {ergonomic}
     uint ConcGCThreads                            = 1                                         {product} {ergonomic}
     uint G1ConcRefinementThreads                  = 4                                         {product} {ergonomic}
   size_t G1HeapRegionSize                         = 1048576                                   {product} {ergonomic}
    uintx GCDrainStackTargetSize                   = 64                                        {product} {ergonomic}
   size_t InitialHeapSize                          = 62914560                                  {product} {ergonomic}
   size_t MarkStackSize                            = 4194304                                   {product} {ergonomic}
   size_t MaxHeapSize                              = 1006632960                                {product} {ergonomic}
   size_t MaxNewSize                               = 603979776                                 {product} {ergonomic}
   size_t MinHeapDeltaBytes                        = 1048576                                   {product} {ergonomic}
    uintx NonNMethodCodeHeapSize                   = 5830732                                {pd product} {ergonomic}
    uintx NonProfiledCodeHeapSize                  = 122913754                              {pd product} {ergonomic}
    uintx ProfiledCodeHeapSize                     = 122913754                              {pd product} {ergonomic}
    uintx ReservedCodeCacheSize                    = 251658240                              {pd product} {ergonomic}
     bool SegmentedCodeCache                       = true                                      {product} {ergonomic}
     bool UseCompressedClassPointers               = true                                 {lp64_product} {ergonomic}
     bool UseCompressedOops                        = true                                 {lp64_product} {ergonomic}
     bool UseG1GC                                  = true                                      {product} {ergonomic}
     bool UseLargePagesIndividualAllocation        = false                                  {pd product} {ergonomic}

Logging:
Log output configuration:
 #0: stdout all=warning uptime,level,tags
 #1: stderr all=off uptime,level,tags

Environment Variables:
JAVA_HOME=C:\Program Files\Java\jdk-11.0.14
PATH=C:\app\n1n0c\product\21c\dbhomeXE\bin;C:\Program Files (x86)\VMware\VMware Player\bin\;C:\Program Files\Common Files\Oracle\Java\javapath;C:\Program Files (x86)\Common Files\Oracle\Java\javapath;C:\Windows\system32;C:\Windows;C:\Windows\System32\Wbem;C:\Windows\System32\WindowsPowerShell\v1.0\;C:\Windows\System32\OpenSSH\;C:\xampp\php;C:\Program Files\Microsoft SQL Server\150\Tools\Binn\;C:\Program Files\Microsoft SQL Server\Client SDK\ODBC\170\Tools\Binn\;C:\Program Files\Go\bin;C:\Users\n1n0c\AppData\Local\Programs\Python\Python37;C:\Users\n1n0c\AppData\Local\Programs\Python\Python310;C:\Program Files (x86)\sqllite3;C:\Program Files (x86)\Microsoft SQL Server\150\Tools\Binn\;C:\Program Files\Microsoft SQL Server\150\DTS\Binn\;C:\Program Files (x86)\Microsoft SQL Server\150\DTS\Binn\;C:\Program Files\Azure Data Studio\bin;C:\Program Files\Microsoft\Web Platform Installer\;C:\Program Files (x86)\Git\cmd;C:\ProgramData\ComposerSetup\bin;C:\Program Files\Microsoft SQL Server\130\Tools\Binn\;C:\Program Files\nodejs;C:\Program Files\nodejs\;C:\WINDOWS\system32;C:\WINDOWS;C:\WINDOWS\System32\Wbem;C:\WINDOWS\System32\WindowsPowerShell\v1.0\;C:\WINDOWS\System32\OpenSSH\;C:\Program Files\PostgreSQL\16\bin;C:\Users\n1n0c\AppData\Local\Microsoft\WindowsApps;C:\Users\n1n0c\AppData\Local\Programs\Microsoft VS Code\bin;C:\Users\n1n0c\AppData\Roaming\Composer\vendor\bin;C:\Users\n1n0c\go\bin;C:\Program Files\Azure Data Studio\bin;C:\Users\n1n0c\AppData\Local\Programs\Python\Python310;C:\Users\n1n0c\AppData\Local\Programs\Python\Python310\Scripts;C:\Users\n1n0c\AppData\Roaming\npm;C:\Program Files\MariaDB 11.2\bin;C:\Program Files\PostgreSQL\15\bin;;C:\Program Files\JetBrains\PyCharm 2023.1.3\bin;
USERNAME=n1n0c
OS=Windows_NT
PROCESSOR_IDENTIFIER=Intel64 Family 6 Model 126 Stepping 5, GenuineIntel



---------------  S Y S T E M  ---------------

OS: Windows 11 , 64 bit Build 22621 (10.0.22621.2506)

CPU:total 4 (initial active 4) (2 cores per cpu, 2 threads per core) family 6 model 126 stepping 5 microcode 0xa6, cmov, cx8, fxsr, mmx, sse, sse2, sse3, ssse3, sse4.1, sse4.2, popcnt, avx, avx2, aes, clmul, erms, 3dnowpref, lzcnt, ht, tsc, tscinvbit, bmi1, bmi2, adx, evex, sha, fma

Memory: 4k page, system-wide physical 3836M (236M free)
TotalPageFile size 15612M (AvailPageFile size 0M)
current process WorkingSet (physical memory assigned to process): 102M, peak: 103M
current process commit charge ("private bytes"): 159M, peak: 167M

vm_info: Java HotSpot(TM) 64-Bit Server VM (11.0.14+8-LTS-263) for windows-amd64 JRE (11.0.14+8-LTS-263), built on Dec  7 2021 21:53:57 by "mach5one" with MS VC++ 15.9 (VS2017)

END.
